#
# A fatal error has been detected by the Java Runtime Environment:
#
#  EXCEPTION_ACCESS_VIOLATION (0xc0000005) at pc=0x00007fffe01174a4, pid=14752, tid=17888
#
# JRE version: OpenJDK Runtime Environment (11.0.7+10) (build 11.0.7+10-b765.53)
# Java VM: OpenJDK 64-Bit Server VM (11.0.7+10-b765.53, mixed mode, tiered, compressed oops, g1 gc, windows-amd64)
# Problematic frame:
# V  [jvm.dll+0x3b74a4]
#
# No core dump will be written. Minidumps are not enabled by default on client versions of Windows
#
# If you would like to submit a bug report, please visit:
#   http://bugreport.java.com/bugreport/crash.jsp
#

---------------  S U M M A R Y ------------

Command Line: -javaagent:D:\Program Files\JetBrains\IntelliJ IDEA 2019.3.4\lib\idea_rt.jar=11310:D:\Program Files\JetBrains\IntelliJ IDEA 2019.3.4\bin -Dfile.encoding=UTF-8 com.east.jni08.Sample1

Host: Intel(R) Core(TM) i5-9400F CPU @ 2.90GHz, 6 cores, 15G,  Windows 10 , 64 bit Build 18362 (10.0.18362.900)
Time: Thu Jun 18 11:13:46 2020 ?D1¨²¡À¨º¡Á?¨º¡À?? elapsed time: 0 seconds (0d 0h 0m 0s)

---------------  T H R E A D  ---------------

Current thread (0x000002393b26a000):  JavaThread "main" [_thread_in_vm, id=17888, stack(0x000000705e200000,0x000000705e300000)]

Stack: [0x000000705e200000,0x000000705e300000],  sp=0x000000705e2ff2a0,  free space=1020k
Native frames: (J=compiled Java code, j=interpreted, Vv=VM code, C=native code)
V  [jvm.dll+0x3b74a4]
C  [08jni.dll+0x10b5]

Java frames: (J=compiled Java code, j=interpreted, Vv=VM code)
j  com.east.jni08.Sample1.createPoint()Lcom/east/jni08/Point;+0
j  com.east.jni08.Sample1.main([Ljava/lang/String;)V+0
v  ~StubRoutines::call_stub

siginfo: EXCEPTION_ACCESS_VIOLATION (0xc0000005), reading address 0x0000000000000000


Register to memory mapping:

RIP=0x00007fffe01174a4 jvm.dll
RAX=0x0 is NULL
RBX=0x000002393b26a000 is a thread
RCX=0x000002395c438cc8 points into unknown readable memory: 98 c0 97 10 07 00 00 00
RDX=0x000000071097c098 is an oop: com.east.jni08.Point 
{0x000000071097c098} - klass: 'com/east/jni08/Point'
RSP=0x000000705e2ff2a0 is pointing into the stack for thread: 0x000002393b26a000
RBP=0x000002395c438cc8 points into unknown readable memory: 98 c0 97 10 07 00 00 00
RSI=0x000000705e2ff388 is pointing into the stack for thread: 0x000002393b26a000
RDI=0x000002393b26a340 points into unknown readable memory: 90 1c 6e e0 ff 7f 00 00
R8 =0x0000000000000003 is an unknown value
R9 =0x000002393b26a000 is a thread
R10=0x0000000000000018 is an unknown value
R11=0x000000705e2ff298 is pointing into the stack for thread: 0x000002393b26a000
R12=0x0 is NULL
R13={method} {0x000002395c89aed0} 'createPoint' '()Lcom/east/jni08/Point;' in 'com/east/jni08/Sample1'
R14=0x000000705e2ff458 is pointing into the stack for thread: 0x000002393b26a000
R15=0x000002393b26a000 is a thread


Registers:
RAX=0x0000000000000000, RBX=0x000002393b26a000, RCX=0x000002395c438cc8, RDX=0x000000071097c098
RSP=0x000000705e2ff2a0, RBP=0x000002395c438cc8, RSI=0x000000705e2ff388, RDI=0x000002393b26a340
R8 =0x0000000000000003, R9 =0x000002393b26a000, R10=0x0000000000000018, R11=0x000000705e2ff298
R12=0x0000000000000000, R13=0x000002395c89aec8, R14=0x000000705e2ff458, R15=0x000002393b26a000
RIP=0x00007fffe01174a4, EFLAGS=0x0000000000010202

Top of Stack: (sp=0x000000705e2ff2a0)
0x000000705e2ff2a0:   000002393b26a000 000000705e2ff440
0x000000705e2ff2b0:   000002395c438cc0 000002393b26a340
0x000000705e2ff2c0:   000002393b148cf0 00007fffe011aee9
0x000000705e2ff2d0:   000002393b148cf0 00007fffdfe5b9d1
0x000000705e2ff2e0:   000000000000000e 000000705e2ff458
0x000000705e2ff2f0:   000002393b26a000 000002393b26aff0
0x000000705e2ff300:   0000007000000552 00007fffe0582660
0x000000705e2ff310:   000002393b26a000 00007ffffa6a9050
0x000000705e2ff320:   000002396c5e0272 00007ffffa6a9048
0x000000705e2ff330:   000002393b258501 000002393b26a000
0x000000705e2ff340:   000002393b26a000 000000705e2ff3c0
0x000000705e2ff350:   0000023940b30bd7 000000705e2ff440
0x000000705e2ff360:   000002395c89aec8 00007ffffa6a10b5
0x000000705e2ff370:   000002395c89aec8 000000705e2ff440
0x000000705e2ff380:   0000000000000000 000000000000000b
0x000000705e2ff390:   cccccccc0000000c cccccccccccccccc 

Instructions: (pc=0x00007fffe01174a4)
0x00007fffe01173a4:   8b 4f 10 e8 84 1e d0 ff 48 8b 47 10 ba 06 00 00
0x00007fffe01173b4:   00 48 89 46 10 48 8b cb 48 8b 47 18 48 89 46 18
0x00007fffe01173c4:   48 8b 47 20 44 8d 42 fe 48 89 46 20 e8 ab 45 d4
0x00007fffe01173d4:   ff 48 8b 5c 24 60 48 8b c5 48 8b 6c 24 68 48 8b
0x00007fffe01173e4:   74 24 70 48 8b 7c 24 78 48 83 c4 50 41 5e c3 cc
0x00007fffe01173f4:   cc cc cc cc cc cc cc cc cc cc cc cc 4c 89 44 24
0x00007fffe0117404:   18 4c 89 4c 24 20 53 55 56 57 48 81 ec a8 00 00
0x00007fffe0117414:   00 8b 81 90 00 00 00 48 8d 99 c0 fc ff ff 05 55
0x00007fffe0117424:   21 ff ff 48 8b f2 48 8b f9 83 f8 01 76 0a 48 8b
0x00007fffe0117434:   cb e8 06 ba 31 00 33 db ba 06 00 00 00 48 8b cb
0x00007fffe0117444:   e8 e7 a4 d7 ff 48 83 7b 08 00 48 89 5c 24 50 48
0x00007fffe0117454:   c7 44 24 58 00 00 00 00 74 0a 48 8d 4c 24 50 e8
0x00007fffe0117464:   08 80 25 00 48 8b d3 48 8b ce e8 fd 67 00 00 48
0x00007fffe0117474:   83 7b 08 00 0f 85 a8 00 00 00 48 8b d0 48 8b cf
0x00007fffe0117484:   e8 37 58 02 00 c7 44 24 40 0e 00 00 00 48 8d b4
0x00007fffe0117494:   24 e8 00 00 00 48 8b e8 48 8b 84 24 e0 00 00 00
0x00007fffe01174a4:   48 8b 08 48 8b 51 08 48 8d 4c 24 70 0f b7 42 2c
0x00007fffe01174b4:   48 8b 52 08 48 8b 54 c2 40 e8 fe 53 2a 00 48 8d
0x00007fffe01174c4:   05 07 b3 46 00 48 89 5c 24 30 48 89 44 24 70 48
0x00007fffe01174d4:   8d 54 24 40 48 8d 44 24 70 c7 84 24 88 00 00 00
0x00007fffe01174e4:   63 00 00 00 48 89 44 24 28 41 b9 02 00 00 00 48
0x00007fffe01174f4:   8b 84 24 e0 00 00 00 4c 8b c5 48 8b cf 48 89 44
0x00007fffe0117504:   24 20 48 c7 84 24 90 00 00 00 00 00 00 00 48 89
0x00007fffe0117514:   b4 24 98 00 00 00 e8 a1 78 00 00 48 83 7b 08 00
0x00007fffe0117524:   74 02 33 ed 48 83 7c 24 58 00 74 0a 48 8d 4c 24
0x00007fffe0117534:   50 e8 86 7f 25 00 48 8b bb f0 00 00 00 48 8b 47
0x00007fffe0117544:   10 48 8b 77 08 48 83 38 00 74 15 48 8b 57 28 48
0x00007fffe0117554:   8b ce e8 25 1e d0 ff 48 8b 4f 10 e8 cc 1c d0 ff
0x00007fffe0117564:   4c 8b 47 10 ba 06 00 00 00 4c 89 46 10 48 8b cb
0x00007fffe0117574:   4c 8b 47 18 4c 89 46 18 4c 8b 47 20 4c 89 46 20
0x00007fffe0117584:   44 8d 42 fe e8 f3 43 d4 ff 48 8b c5 48 81 c4 a8
0x00007fffe0117594:   00 00 00 5f 5e 5d 5b c3 cc cc cc cc 48 89 5c 24 


Stack slot to memory mapping:
stack at sp + 0 slots: 0x000002393b26a000 is a thread
stack at sp + 1 slots: 0x000000705e2ff440 is pointing into the stack for thread: 0x000002393b26a000
stack at sp + 2 slots: 0x000002395c438cc0 points into unknown readable memory: 50 b6 97 10 07 00 00 00
stack at sp + 3 slots: 0x000002393b26a340 points into unknown readable memory: 90 1c 6e e0 ff 7f 00 00
stack at sp + 4 slots: 0x000002393b148cf0 points into unknown readable memory: 02 00 00 00 6f 00 72 00
stack at sp + 5 slots: 0x00007fffe011aee9 jvm.dll
stack at sp + 6 slots: 0x000002393b148cf0 points into unknown readable memory: 02 00 00 00 6f 00 72 00
stack at sp + 7 slots: 0x00007fffdfe5b9d1 jvm.dll


---------------  P R O C E S S  ---------------

Threads class SMR info:
_java_thread_list=0x000002393b287680, length=11, elements={
0x000002393b26a000, 0x000002395c479000, 0x000002395c487000, 0x000002395cd9c800,
0x000002395cd9d800, 0x000002395cd9f800, 0x000002395cda6800, 0x000002395cda8000,
0x000002395ceb1800, 0x000002395cfe0800, 0x000002395cfe1000
}

Java Threads: ( => current thread )
=>0x000002393b26a000 JavaThread "main" [_thread_in_vm, id=17888, stack(0x000000705e200000,0x000000705e300000)]
  0x000002395c479000 JavaThread "Reference Handler" daemon [_thread_blocked, id=22104, stack(0x000000705e900000,0x000000705ea00000)]
  0x000002395c487000 JavaThread "Finalizer" daemon [_thread_blocked, id=10556, stack(0x000000705ea00000,0x000000705eb00000)]
  0x000002395cd9c800 JavaThread "Signal Dispatcher" daemon [_thread_blocked, id=26376, stack(0x000000705eb00000,0x000000705ec00000)]
  0x000002395cd9d800 JavaThread "Attach Listener" daemon [_thread_blocked, id=17936, stack(0x000000705ec00000,0x000000705ed00000)]
  0x000002395cd9f800 JavaThread "C2 CompilerThread0" daemon [_thread_blocked, id=19324, stack(0x000000705ed00000,0x000000705ee00000)]
  0x000002395cda6800 JavaThread "C1 CompilerThread0" daemon [_thread_blocked, id=11776, stack(0x000000705ee00000,0x000000705ef00000)]
  0x000002395cda8000 JavaThread "Sweeper thread" daemon [_thread_blocked, id=26116, stack(0x000000705ef00000,0x000000705f000000)]
  0x000002395ceb1800 JavaThread "Common-Cleaner" daemon [_thread_blocked, id=17368, stack(0x000000705f000000,0x000000705f100000)]
  0x000002395cfe0800 JavaThread "Monitor Ctrl-Break" daemon [_thread_blocked, id=25228, stack(0x000000705f100000,0x000000705f200000)]
  0x000002395cfe1000 JavaThread "Service Thread" daemon [_thread_blocked, id=9088, stack(0x000000705f200000,0x000000705f300000)]

Other Threads:
  0x000002395cd3a800 VMThread "VM Thread" [stack: 0x000000705e800000,0x000000705e900000] [id=22016]
  0x000002395cfec000 WatcherThread [stack: 0x000000705f300000,0x000000705f400000] [id=20528]
  0x000002393b286000 GCTaskThread "GC Thread#0" [stack: 0x000000705e300000,0x000000705e400000] [id=2728]
  0x000002393b2e4000 ConcurrentGCThread "G1 Main Marker" [stack: 0x000000705e400000,0x000000705e500000] [id=21980]
  0x000002393b2e6000 ConcurrentGCThread "G1 Conc#0" [stack: 0x000000705e500000,0x000000705e600000] [id=25344]
  0x000002395c361800 ConcurrentGCThread "G1 Refine#0" [stack: 0x000000705e600000,0x000000705e700000] [id=15632]
  0x000002395c362800 ConcurrentGCThread "G1 Young RemSet Sampling" [stack: 0x000000705e700000,0x000000705e800000] [id=6896]

Threads with active compile tasks:

VM state:synchronizing (normal execution)

VM Mutex/Monitor currently owned by a thread:  ([mutex/lock_event])
[0x000002393b267430] Threads_lock - owner thread: 0x000002395cd3a800

Heap address: 0x0000000700c00000, size: 4084 MB, Compressed Oops mode: Zero based, Oop shift amount: 3
Narrow klass base: 0x0000000800000000, Narrow klass shift: 0
Compressed class space size: 1073741824 Address: 0x0000000800000000

Heap:
 garbage-first heap   total 262144K, used 2048K [0x0000000700c00000, 0x0000000800000000)
  region size 1024K, 3 young (3072K), 0 survivors (0K)
 Metaspace       used 6392K, capacity 6447K, committed 6528K, reserved 1056768K
  class space    used 561K, capacity 570K, committed 640K, reserved 1048576K
Heap Regions: E=young(eden), S=young(survivor), O=old, HS=humongous(starts), HC=humongous(continues), CS=collection set, F=free, A=archive, TAMS=top-at-mark-start (previous, next)
|   0|0x0000000700c00000, 0x0000000700c00000, 0x0000000700d00000|  0%| F|  |TAMS 0x0000000700c00000, 0x0000000700c00000| Untracked 
|   1|0x0000000700d00000, 0x0000000700d00000, 0x0000000700e00000|  0%| F|  |TAMS 0x0000000700d00000, 0x0000000700d00000| Untracked 
|   2|0x0000000700e00000, 0x0000000700e00000, 0x0000000700f00000|  0%| F|  |TAMS 0x0000000700e00000, 0x0000000700e00000| Untracked 
|   3|0x0000000700f00000, 0x0000000700f00000, 0x0000000701000000|  0%| F|  |TAMS 0x0000000700f00000, 0x0000000700f00000| Untracked 
|   4|0x0000000701000000, 0x0000000701000000, 0x0000000701100000|  0%| F|  |TAMS 0x0000000701000000, 0x0000000701000000| Untracked 
|   5|0x0000000701100000, 0x0000000701100000, 0x0000000701200000|  0%| F|  |TAMS 0x0000000701100000, 0x0000000701100000| Untracked 
|   6|0x0000000701200000, 0x0000000701200000, 0x0000000701300000|  0%| F|  |TAMS 0x0000000701200000, 0x0000000701200000| Untracked 
|   7|0x0000000701300000, 0x0000000701300000, 0x0000000701400000|  0%| F|  |TAMS 0x0000000701300000, 0x0000000701300000| Untracked 
|   8|0x0000000701400000, 0x0000000701400000, 0x0000000701500000|  0%| F|  |TAMS 0x0000000701400000, 0x0000000701400000| Untracked 
|   9|0x0000000701500000, 0x0000000701500000, 0x0000000701600000|  0%| F|  |TAMS 0x0000000701500000, 0x0000000701500000| Untracked 
|  10|0x0000000701600000, 0x0000000701600000, 0x0000000701700000|  0%| F|  |TAMS 0x0000000701600000, 0x0000000701600000| Untracked 
|  11|0x0000000701700000, 0x0000000701700000, 0x0000000701800000|  0%| F|  |TAMS 0x0000000701700000, 0x0000000701700000| Untracked 
|  12|0x0000000701800000, 0x0000000701800000, 0x0000000701900000|  0%| F|  |TAMS 0x0000000701800000, 0x0000000701800000| Untracked 
|  13|0x0000000701900000, 0x0000000701900000, 0x0000000701a00000|  0%| F|  |TAMS 0x0000000701900000, 0x0000000701900000| Untracked 
|  14|0x0000000701a00000, 0x0000000701a00000, 0x0000000701b00000|  0%| F|  |TAMS 0x0000000701a00000, 0x0000000701a00000| Untracked 
|  15|0x0000000701b00000, 0x0000000701b00000, 0x0000000701c00000|  0%| F|  |TAMS 0x0000000701b00000, 0x0000000701b00000| Untracked 
|  16|0x0000000701c00000, 0x0000000701c00000, 0x0000000701d00000|  0%| F|  |TAMS 0x0000000701c00000, 0x0000000701c00000| Untracked 
|  17|0x0000000701d00000, 0x0000000701d00000, 0x0000000701e00000|  0%| F|  |TAMS 0x0000000701d00000, 0x0000000701d00000| Untracked 
|  18|0x0000000701e00000, 0x0000000701e00000, 0x0000000701f00000|  0%| F|  |TAMS 0x0000000701e00000, 0x0000000701e00000| Untracked 
|  19|0x0000000701f00000, 0x0000000701f00000, 0x0000000702000000|  0%| F|  |TAMS 0x0000000701f00000, 0x0000000701f00000| Untracked 
|  20|0x0000000702000000, 0x0000000702000000, 0x0000000702100000|  0%| F|  |TAMS 0x0000000702000000, 0x0000000702000000| Untracked 
|  21|0x0000000702100000, 0x0000000702100000, 0x0000000702200000|  0%| F|  |TAMS 0x0000000702100000, 0x0000000702100000| Untracked 
|  22|0x0000000702200000, 0x0000000702200000, 0x0000000702300000|  0%| F|  |TAMS 0x0000000702200000, 0x0000000702200000| Untracked 
|  23|0x0000000702300000, 0x0000000702300000, 0x0000000702400000|  0%| F|  |TAMS 0x0000000702300000, 0x0000000702300000| Untracked 
|  24|0x0000000702400000, 0x0000000702400000, 0x0000000702500000|  0%| F|  |TAMS 0x0000000702400000, 0x0000000702400000| Untracked 
|  25|0x0000000702500000, 0x0000000702500000, 0x0000000702600000|  0%| F|  |TAMS 0x0000000702500000, 0x0000000702500000| Untracked 
|  26|0x0000000702600000, 0x0000000702600000, 0x0000000702700000|  0%| F|  |TAMS 0x0000000702600000, 0x0000000702600000| Untracked 
|  27|0x0000000702700000, 0x0000000702700000, 0x0000000702800000|  0%| F|  |TAMS 0x0000000702700000, 0x0000000702700000| Untracked 
|  28|0x0000000702800000, 0x0000000702800000, 0x0000000702900000|  0%| F|  |TAMS 0x0000000702800000, 0x0000000702800000| Untracked 
|  29|0x0000000702900000, 0x0000000702900000, 0x0000000702a00000|  0%| F|  |TAMS 0x0000000702900000, 0x0000000702900000| Untracked 
|  30|0x0000000702a00000, 0x0000000702a00000, 0x0000000702b00000|  0%| F|  |TAMS 0x0000000702a00000, 0x0000000702a00000| Untracked 
|  31|0x0000000702b00000, 0x0000000702b00000, 0x0000000702c00000|  0%| F|  |TAMS 0x0000000702b00000, 0x0000000702b00000| Untracked 
|  32|0x0000000702c00000, 0x0000000702c00000, 0x0000000702d00000|  0%| F|  |TAMS 0x0000000702c00000, 0x0000000702c00000| Untracked 
|  33|0x0000000702d00000, 0x0000000702d00000, 0x0000000702e00000|  0%| F|  |TAMS 0x0000000702d00000, 0x0000000702d00000| Untracked 
|  34|0x0000000702e00000, 0x0000000702e00000, 0x0000000702f00000|  0%| F|  |TAMS 0x0000000702e00000, 0x0000000702e00000| Untracked 
|  35|0x0000000702f00000, 0x0000000702f00000, 0x0000000703000000|  0%| F|  |TAMS 0x0000000702f00000, 0x0000000702f00000| Untracked 
|  36|0x0000000703000000, 0x0000000703000000, 0x0000000703100000|  0%| F|  |TAMS 0x0000000703000000, 0x0000000703000000| Untracked 
|  37|0x0000000703100000, 0x0000000703100000, 0x0000000703200000|  0%| F|  |TAMS 0x0000000703100000, 0x0000000703100000| Untracked 
|  38|0x0000000703200000, 0x0000000703200000, 0x0000000703300000|  0%| F|  |TAMS 0x0000000703200000, 0x0000000703200000| Untracked 
|  39|0x0000000703300000, 0x0000000703300000, 0x0000000703400000|  0%| F|  |TAMS 0x0000000703300000, 0x0000000703300000| Untracked 
|  40|0x0000000703400000, 0x0000000703400000, 0x0000000703500000|  0%| F|  |TAMS 0x0000000703400000, 0x0000000703400000| Untracked 
|  41|0x0000000703500000, 0x0000000703500000, 0x0000000703600000|  0%| F|  |TAMS 0x0000000703500000, 0x0000000703500000| Untracked 
|  42|0x0000000703600000, 0x0000000703600000, 0x0000000703700000|  0%| F|  |TAMS 0x0000000703600000, 0x0000000703600000| Untracked 
|  43|0x0000000703700000, 0x0000000703700000, 0x0000000703800000|  0%| F|  |TAMS 0x0000000703700000, 0x0000000703700000| Untracked 
|  44|0x0000000703800000, 0x0000000703800000, 0x0000000703900000|  0%| F|  |TAMS 0x0000000703800000, 0x0000000703800000| Untracked 
|  45|0x0000000703900000, 0x0000000703900000, 0x0000000703a00000|  0%| F|  |TAMS 0x0000000703900000, 0x0000000703900000| Untracked 
|  46|0x0000000703a00000, 0x0000000703a00000, 0x0000000703b00000|  0%| F|  |TAMS 0x0000000703a00000, 0x0000000703a00000| Untracked 
|  47|0x0000000703b00000, 0x0000000703b00000, 0x0000000703c00000|  0%| F|  |TAMS 0x0000000703b00000, 0x0000000703b00000| Untracked 
|  48|0x0000000703c00000, 0x0000000703c00000, 0x0000000703d00000|  0%| F|  |TAMS 0x0000000703c00000, 0x0000000703c00000| Untracked 
|  49|0x0000000703d00000, 0x0000000703d00000, 0x0000000703e00000|  0%| F|  |TAMS 0x0000000703d00000, 0x0000000703d00000| Untracked 
|  50|0x0000000703e00000, 0x0000000703e00000, 0x0000000703f00000|  0%| F|  |TAMS 0x0000000703e00000, 0x0000000703e00000| Untracked 
|  51|0x0000000703f00000, 0x0000000703f00000, 0x0000000704000000|  0%| F|  |TAMS 0x0000000703f00000, 0x0000000703f00000| Untracked 
|  52|0x0000000704000000, 0x0000000704000000, 0x0000000704100000|  0%| F|  |TAMS 0x0000000704000000, 0x0000000704000000| Untracked 
|  53|0x0000000704100000, 0x0000000704100000, 0x0000000704200000|  0%| F|  |TAMS 0x0000000704100000, 0x0000000704100000| Untracked 
|  54|0x0000000704200000, 0x0000000704200000, 0x0000000704300000|  0%| F|  |TAMS 0x0000000704200000, 0x0000000704200000| Untracked 
|  55|0x0000000704300000, 0x0000000704300000, 0x0000000704400000|  0%| F|  |TAMS 0x0000000704300000, 0x0000000704300000| Untracked 
|  56|0x0000000704400000, 0x0000000704400000, 0x0000000704500000|  0%| F|  |TAMS 0x0000000704400000, 0x0000000704400000| Untracked 
|  57|0x0000000704500000, 0x0000000704500000, 0x0000000704600000|  0%| F|  |TAMS 0x0000000704500000, 0x0000000704500000| Untracked 
|  58|0x0000000704600000, 0x0000000704600000, 0x0000000704700000|  0%| F|  |TAMS 0x0000000704600000, 0x0000000704600000| Untracked 
|  59|0x0000000704700000, 0x0000000704700000, 0x0000000704800000|  0%| F|  |TAMS 0x0000000704700000, 0x0000000704700000| Untracked 
|  60|0x0000000704800000, 0x0000000704800000, 0x0000000704900000|  0%| F|  |TAMS 0x0000000704800000, 0x0000000704800000| Untracked 
|  61|0x0000000704900000, 0x0000000704900000, 0x0000000704a00000|  0%| F|  |TAMS 0x0000000704900000, 0x0000000704900000| Untracked 
|  62|0x0000000704a00000, 0x0000000704a00000, 0x0000000704b00000|  0%| F|  |TAMS 0x0000000704a00000, 0x0000000704a00000| Untracked 
|  63|0x0000000704b00000, 0x0000000704b00000, 0x0000000704c00000|  0%| F|  |TAMS 0x0000000704b00000, 0x0000000704b00000| Untracked 
|  64|0x0000000704c00000, 0x0000000704c00000, 0x0000000704d00000|  0%| F|  |TAMS 0x0000000704c00000, 0x0000000704c00000| Untracked 
|  65|0x0000000704d00000, 0x0000000704d00000, 0x0000000704e00000|  0%| F|  |TAMS 0x0000000704d00000, 0x0000000704d00000| Untracked 
|  66|0x0000000704e00000, 0x0000000704e00000, 0x0000000704f00000|  0%| F|  |TAMS 0x0000000704e00000, 0x0000000704e00000| Untracked 
|  67|0x0000000704f00000, 0x0000000704f00000, 0x0000000705000000|  0%| F|  |TAMS 0x0000000704f00000, 0x0000000704f00000| Untracked 
|  68|0x0000000705000000, 0x0000000705000000, 0x0000000705100000|  0%| F|  |TAMS 0x0000000705000000, 0x0000000705000000| Untracked 
|  69|0x0000000705100000, 0x0000000705100000, 0x0000000705200000|  0%| F|  |TAMS 0x0000000705100000, 0x0000000705100000| Untracked 
|  70|0x0000000705200000, 0x0000000705200000, 0x0000000705300000|  0%| F|  |TAMS 0x0000000705200000, 0x0000000705200000| Untracked 
|  71|0x0000000705300000, 0x0000000705300000, 0x0000000705400000|  0%| F|  |TAMS 0x0000000705300000, 0x0000000705300000| Untracked 
|  72|0x0000000705400000, 0x0000000705400000, 0x0000000705500000|  0%| F|  |TAMS 0x0000000705400000, 0x0000000705400000| Untracked 
|  73|0x0000000705500000, 0x0000000705500000, 0x0000000705600000|  0%| F|  |TAMS 0x0000000705500000, 0x0000000705500000| Untracked 
|  74|0x0000000705600000, 0x0000000705600000, 0x0000000705700000|  0%| F|  |TAMS 0x0000000705600000, 0x0000000705600000| Untracked 
|  75|0x0000000705700000, 0x0000000705700000, 0x0000000705800000|  0%| F|  |TAMS 0x0000000705700000, 0x0000000705700000| Untracked 
|  76|0x0000000705800000, 0x0000000705800000, 0x0000000705900000|  0%| F|  |TAMS 0x0000000705800000, 0x0000000705800000| Untracked 
|  77|0x0000000705900000, 0x0000000705900000, 0x0000000705a00000|  0%| F|  |TAMS 0x0000000705900000, 0x0000000705900000| Untracked 
|  78|0x0000000705a00000, 0x0000000705a00000, 0x0000000705b00000|  0%| F|  |TAMS 0x0000000705a00000, 0x0000000705a00000| Untracked 
|  79|0x0000000705b00000, 0x0000000705b00000, 0x0000000705c00000|  0%| F|  |TAMS 0x0000000705b00000, 0x0000000705b00000| Untracked 
|  80|0x0000000705c00000, 0x0000000705c00000, 0x0000000705d00000|  0%| F|  |TAMS 0x0000000705c00000, 0x0000000705c00000| Untracked 
|  81|0x0000000705d00000, 0x0000000705d00000, 0x0000000705e00000|  0%| F|  |TAMS 0x0000000705d00000, 0x0000000705d00000| Untracked 
|  82|0x0000000705e00000, 0x0000000705e00000, 0x0000000705f00000|  0%| F|  |TAMS 0x0000000705e00000, 0x0000000705e00000| Untracked 
|  83|0x0000000705f00000, 0x0000000705f00000, 0x0000000706000000|  0%| F|  |TAMS 0x0000000705f00000, 0x0000000705f00000| Untracked 
|  84|0x0000000706000000, 0x0000000706000000, 0x0000000706100000|  0%| F|  |TAMS 0x0000000706000000, 0x0000000706000000| Untracked 
|  85|0x0000000706100000, 0x0000000706100000, 0x0000000706200000|  0%| F|  |TAMS 0x0000000706100000, 0x0000000706100000| Untracked 
|  86|0x0000000706200000, 0x0000000706200000, 0x0000000706300000|  0%| F|  |TAMS 0x0000000706200000, 0x0000000706200000| Untracked 
|  87|0x0000000706300000, 0x0000000706300000, 0x0000000706400000|  0%| F|  |TAMS 0x0000000706300000, 0x0000000706300000| Untracked 
|  88|0x0000000706400000, 0x0000000706400000, 0x0000000706500000|  0%| F|  |TAMS 0x0000000706400000, 0x0000000706400000| Untracked 
|  89|0x0000000706500000, 0x0000000706500000, 0x0000000706600000|  0%| F|  |TAMS 0x0000000706500000, 0x0000000706500000| Untracked 
|  90|0x0000000706600000, 0x0000000706600000, 0x0000000706700000|  0%| F|  |TAMS 0x0000000706600000, 0x0000000706600000| Untracked 
|  91|0x0000000706700000, 0x0000000706700000, 0x0000000706800000|  0%| F|  |TAMS 0x0000000706700000, 0x0000000706700000| Untracked 
|  92|0x0000000706800000, 0x0000000706800000, 0x0000000706900000|  0%| F|  |TAMS 0x0000000706800000, 0x0000000706800000| Untracked 
|  93|0x0000000706900000, 0x0000000706900000, 0x0000000706a00000|  0%| F|  |TAMS 0x0000000706900000, 0x0000000706900000| Untracked 
|  94|0x0000000706a00000, 0x0000000706a00000, 0x0000000706b00000|  0%| F|  |TAMS 0x0000000706a00000, 0x0000000706a00000| Untracked 
|  95|0x0000000706b00000, 0x0000000706b00000, 0x0000000706c00000|  0%| F|  |TAMS 0x0000000706b00000, 0x0000000706b00000| Untracked 
|  96|0x0000000706c00000, 0x0000000706c00000, 0x0000000706d00000|  0%| F|  |TAMS 0x0000000706c00000, 0x0000000706c00000| Untracked 
|  97|0x0000000706d00000, 0x0000000706d00000, 0x0000000706e00000|  0%| F|  |TAMS 0x0000000706d00000, 0x0000000706d00000| Untracked 
|  98|0x0000000706e00000, 0x0000000706e00000, 0x0000000706f00000|  0%| F|  |TAMS 0x0000000706e00000, 0x0000000706e00000| Untracked 
|  99|0x0000000706f00000, 0x0000000706f00000, 0x0000000707000000|  0%| F|  |TAMS 0x0000000706f00000, 0x0000000706f00000| Untracked 
| 100|0x0000000707000000, 0x0000000707000000, 0x0000000707100000|  0%| F|  |TAMS 0x0000000707000000, 0x0000000707000000| Untracked 
| 101|0x0000000707100000, 0x0000000707100000, 0x0000000707200000|  0%| F|  |TAMS 0x0000000707100000, 0x0000000707100000| Untracked 
| 102|0x0000000707200000, 0x0000000707200000, 0x0000000707300000|  0%| F|  |TAMS 0x0000000707200000, 0x0000000707200000| Untracked 
| 103|0x0000000707300000, 0x0000000707300000, 0x0000000707400000|  0%| F|  |TAMS 0x0000000707300000, 0x0000000707300000| Untracked 
| 104|0x0000000707400000, 0x0000000707400000, 0x0000000707500000|  0%| F|  |TAMS 0x0000000707400000, 0x0000000707400000| Untracked 
| 105|0x0000000707500000, 0x0000000707500000, 0x0000000707600000|  0%| F|  |TAMS 0x0000000707500000, 0x0000000707500000| Untracked 
| 106|0x0000000707600000, 0x0000000707600000, 0x0000000707700000|  0%| F|  |TAMS 0x0000000707600000, 0x0000000707600000| Untracked 
| 107|0x0000000707700000, 0x0000000707700000, 0x0000000707800000|  0%| F|  |TAMS 0x0000000707700000, 0x0000000707700000| Untracked 
| 108|0x0000000707800000, 0x0000000707800000, 0x0000000707900000|  0%| F|  |TAMS 0x0000000707800000, 0x0000000707800000| Untracked 
| 109|0x0000000707900000, 0x0000000707900000, 0x0000000707a00000|  0%| F|  |TAMS 0x0000000707900000, 0x0000000707900000| Untracked 
| 110|0x0000000707a00000, 0x0000000707a00000, 0x0000000707b00000|  0%| F|  |TAMS 0x0000000707a00000, 0x0000000707a00000| Untracked 
| 111|0x0000000707b00000, 0x0000000707b00000, 0x0000000707c00000|  0%| F|  |TAMS 0x0000000707b00000, 0x0000000707b00000| Untracked 
| 112|0x0000000707c00000, 0x0000000707c00000, 0x0000000707d00000|  0%| F|  |TAMS 0x0000000707c00000, 0x0000000707c00000| Untracked 
| 113|0x0000000707d00000, 0x0000000707d00000, 0x0000000707e00000|  0%| F|  |TAMS 0x0000000707d00000, 0x0000000707d00000| Untracked 
| 114|0x0000000707e00000, 0x0000000707e00000, 0x0000000707f00000|  0%| F|  |TAMS 0x0000000707e00000, 0x0000000707e00000| Untracked 
| 115|0x0000000707f00000, 0x0000000707f00000, 0x0000000708000000|  0%| F|  |TAMS 0x0000000707f00000, 0x0000000707f00000| Untracked 
| 116|0x0000000708000000, 0x0000000708000000, 0x0000000708100000|  0%| F|  |TAMS 0x0000000708000000, 0x0000000708000000| Untracked 
| 117|0x0000000708100000, 0x0000000708100000, 0x0000000708200000|  0%| F|  |TAMS 0x0000000708100000, 0x0000000708100000| Untracked 
| 118|0x0000000708200000, 0x0000000708200000, 0x0000000708300000|  0%| F|  |TAMS 0x0000000708200000, 0x0000000708200000| Untracked 
| 119|0x0000000708300000, 0x0000000708300000, 0x0000000708400000|  0%| F|  |TAMS 0x0000000708300000, 0x0000000708300000| Untracked 
| 120|0x0000000708400000, 0x0000000708400000, 0x0000000708500000|  0%| F|  |TAMS 0x0000000708400000, 0x0000000708400000| Untracked 
| 121|0x0000000708500000, 0x0000000708500000, 0x0000000708600000|  0%| F|  |TAMS 0x0000000708500000, 0x0000000708500000| Untracked 
| 122|0x0000000708600000, 0x0000000708600000, 0x0000000708700000|  0%| F|  |TAMS 0x0000000708600000, 0x0000000708600000| Untracked 
| 123|0x0000000708700000, 0x0000000708700000, 0x0000000708800000|  0%| F|  |TAMS 0x0000000708700000, 0x0000000708700000| Untracked 
| 124|0x0000000708800000, 0x0000000708800000, 0x0000000708900000|  0%| F|  |TAMS 0x0000000708800000, 0x0000000708800000| Untracked 
| 125|0x0000000708900000, 0x0000000708900000, 0x0000000708a00000|  0%| F|  |TAMS 0x0000000708900000, 0x0000000708900000| Untracked 
| 126|0x0000000708a00000, 0x0000000708a00000, 0x0000000708b00000|  0%| F|  |TAMS 0x0000000708a00000, 0x0000000708a00000| Untracked 
| 127|0x0000000708b00000, 0x0000000708b00000, 0x0000000708c00000|  0%| F|  |TAMS 0x0000000708b00000, 0x0000000708b00000| Untracked 
| 128|0x0000000708c00000, 0x0000000708c00000, 0x0000000708d00000|  0%| F|  |TAMS 0x0000000708c00000, 0x0000000708c00000| Untracked 
| 129|0x0000000708d00000, 0x0000000708d00000, 0x0000000708e00000|  0%| F|  |TAMS 0x0000000708d00000, 0x0000000708d00000| Untracked 
| 130|0x0000000708e00000, 0x0000000708e00000, 0x0000000708f00000|  0%| F|  |TAMS 0x0000000708e00000, 0x0000000708e00000| Untracked 
| 131|0x0000000708f00000, 0x0000000708f00000, 0x0000000709000000|  0%| F|  |TAMS 0x0000000708f00000, 0x0000000708f00000| Untracked 
| 132|0x0000000709000000, 0x0000000709000000, 0x0000000709100000|  0%| F|  |TAMS 0x0000000709000000, 0x0000000709000000| Untracked 
| 133|0x0000000709100000, 0x0000000709100000, 0x0000000709200000|  0%| F|  |TAMS 0x0000000709100000, 0x0000000709100000| Untracked 
| 134|0x0000000709200000, 0x0000000709200000, 0x0000000709300000|  0%| F|  |TAMS 0x0000000709200000, 0x0000000709200000| Untracked 
| 135|0x0000000709300000, 0x0000000709300000, 0x0000000709400000|  0%| F|  |TAMS 0x0000000709300000, 0x0000000709300000| Untracked 
| 136|0x0000000709400000, 0x0000000709400000, 0x0000000709500000|  0%| F|  |TAMS 0x0000000709400000, 0x0000000709400000| Untracked 
| 137|0x0000000709500000, 0x0000000709500000, 0x0000000709600000|  0%| F|  |TAMS 0x0000000709500000, 0x0000000709500000| Untracked 
| 138|0x0000000709600000, 0x0000000709600000, 0x0000000709700000|  0%| F|  |TAMS 0x0000000709600000, 0x0000000709600000| Untracked 
| 139|0x0000000709700000, 0x0000000709700000, 0x0000000709800000|  0%| F|  |TAMS 0x0000000709700000, 0x0000000709700000| Untracked 
| 140|0x0000000709800000, 0x0000000709800000, 0x0000000709900000|  0%| F|  |TAMS 0x0000000709800000, 0x0000000709800000| Untracked 
| 141|0x0000000709900000, 0x0000000709900000, 0x0000000709a00000|  0%| F|  |TAMS 0x0000000709900000, 0x0000000709900000| Untracked 
| 142|0x0000000709a00000, 0x0000000709a00000, 0x0000000709b00000|  0%| F|  |TAMS 0x0000000709a00000, 0x0000000709a00000| Untracked 
| 143|0x0000000709b00000, 0x0000000709b00000, 0x0000000709c00000|  0%| F|  |TAMS 0x0000000709b00000, 0x0000000709b00000| Untracked 
| 144|0x0000000709c00000, 0x0000000709c00000, 0x0000000709d00000|  0%| F|  |TAMS 0x0000000709c00000, 0x0000000709c00000| Untracked 
| 145|0x0000000709d00000, 0x0000000709d00000, 0x0000000709e00000|  0%| F|  |TAMS 0x0000000709d00000, 0x0000000709d00000| Untracked 
| 146|0x0000000709e00000, 0x0000000709e00000, 0x0000000709f00000|  0%| F|  |TAMS 0x0000000709e00000, 0x0000000709e00000| Untracked 
| 147|0x0000000709f00000, 0x0000000709f00000, 0x000000070a000000|  0%| F|  |TAMS 0x0000000709f00000, 0x0000000709f00000| Untracked 
| 148|0x000000070a000000, 0x000000070a000000, 0x000000070a100000|  0%| F|  |TAMS 0x000000070a000000, 0x000000070a000000| Untracked 
| 149|0x000000070a100000, 0x000000070a100000, 0x000000070a200000|  0%| F|  |TAMS 0x000000070a100000, 0x000000070a100000| Untracked 
| 150|0x000000070a200000, 0x000000070a200000, 0x000000070a300000|  0%| F|  |TAMS 0x000000070a200000, 0x000000070a200000| Untracked 
| 151|0x000000070a300000, 0x000000070a300000, 0x000000070a400000|  0%| F|  |TAMS 0x000000070a300000, 0x000000070a300000| Untracked 
| 152|0x000000070a400000, 0x000000070a400000, 0x000000070a500000|  0%| F|  |TAMS 0x000000070a400000, 0x000000070a400000| Untracked 
| 153|0x000000070a500000, 0x000000070a500000, 0x000000070a600000|  0%| F|  |TAMS 0x000000070a500000, 0x000000070a500000| Untracked 
| 154|0x000000070a600000, 0x000000070a600000, 0x000000070a700000|  0%| F|  |TAMS 0x000000070a600000, 0x000000070a600000| Untracked 
| 155|0x000000070a700000, 0x000000070a700000, 0x000000070a800000|  0%| F|  |TAMS 0x000000070a700000, 0x000000070a700000| Untracked 
| 156|0x000000070a800000, 0x000000070a800000, 0x000000070a900000|  0%| F|  |TAMS 0x000000070a800000, 0x000000070a800000| Untracked 
| 157|0x000000070a900000, 0x000000070a900000, 0x000000070aa00000|  0%| F|  |TAMS 0x000000070a900000, 0x000000070a900000| Untracked 
| 158|0x000000070aa00000, 0x000000070aa00000, 0x000000070ab00000|  0%| F|  |TAMS 0x000000070aa00000, 0x000000070aa00000| Untracked 
| 159|0x000000070ab00000, 0x000000070ab00000, 0x000000070ac00000|  0%| F|  |TAMS 0x000000070ab00000, 0x000000070ab00000| Untracked 
| 160|0x000000070ac00000, 0x000000070ac00000, 0x000000070ad00000|  0%| F|  |TAMS 0x000000070ac00000, 0x000000070ac00000| Untracked 
| 161|0x000000070ad00000, 0x000000070ad00000, 0x000000070ae00000|  0%| F|  |TAMS 0x000000070ad00000, 0x000000070ad00000| Untracked 
| 162|0x000000070ae00000, 0x000000070ae00000, 0x000000070af00000|  0%| F|  |TAMS 0x000000070ae00000, 0x000000070ae00000| Untracked 
| 163|0x000000070af00000, 0x000000070af00000, 0x000000070b000000|  0%| F|  |TAMS 0x000000070af00000, 0x000000070af00000| Untracked 
| 164|0x000000070b000000, 0x000000070b000000, 0x000000070b100000|  0%| F|  |TAMS 0x000000070b000000, 0x000000070b000000| Untracked 
| 165|0x000000070b100000, 0x000000070b100000, 0x000000070b200000|  0%| F|  |TAMS 0x000000070b100000, 0x000000070b100000| Untracked 
| 166|0x000000070b200000, 0x000000070b200000, 0x000000070b300000|  0%| F|  |TAMS 0x000000070b200000, 0x000000070b200000| Untracked 
| 167|0x000000070b300000, 0x000000070b300000, 0x000000070b400000|  0%| F|  |TAMS 0x000000070b300000, 0x000000070b300000| Untracked 
| 168|0x000000070b400000, 0x000000070b400000, 0x000000070b500000|  0%| F|  |TAMS 0x000000070b400000, 0x000000070b400000| Untracked 
| 169|0x000000070b500000, 0x000000070b500000, 0x000000070b600000|  0%| F|  |TAMS 0x000000070b500000, 0x000000070b500000| Untracked 
| 170|0x000000070b600000, 0x000000070b600000, 0x000000070b700000|  0%| F|  |TAMS 0x000000070b600000, 0x000000070b600000| Untracked 
| 171|0x000000070b700000, 0x000000070b700000, 0x000000070b800000|  0%| F|  |TAMS 0x000000070b700000, 0x000000070b700000| Untracked 
| 172|0x000000070b800000, 0x000000070b800000, 0x000000070b900000|  0%| F|  |TAMS 0x000000070b800000, 0x000000070b800000| Untracked 
| 173|0x000000070b900000, 0x000000070b900000, 0x000000070ba00000|  0%| F|  |TAMS 0x000000070b900000, 0x000000070b900000| Untracked 
| 174|0x000000070ba00000, 0x000000070ba00000, 0x000000070bb00000|  0%| F|  |TAMS 0x000000070ba00000, 0x000000070ba00000| Untracked 
| 175|0x000000070bb00000, 0x000000070bb00000, 0x000000070bc00000|  0%| F|  |TAMS 0x000000070bb00000, 0x000000070bb00000| Untracked 
| 176|0x000000070bc00000, 0x000000070bc00000, 0x000000070bd00000|  0%| F|  |TAMS 0x000000070bc00000, 0x000000070bc00000| Untracked 
| 177|0x000000070bd00000, 0x000000070bd00000, 0x000000070be00000|  0%| F|  |TAMS 0x000000070bd00000, 0x000000070bd00000| Untracked 
| 178|0x000000070be00000, 0x000000070be00000, 0x000000070bf00000|  0%| F|  |TAMS 0x000000070be00000, 0x000000070be00000| Untracked 
| 179|0x000000070bf00000, 0x000000070bf00000, 0x000000070c000000|  0%| F|  |TAMS 0x000000070bf00000, 0x000000070bf00000| Untracked 
| 180|0x000000070c000000, 0x000000070c000000, 0x000000070c100000|  0%| F|  |TAMS 0x000000070c000000, 0x000000070c000000| Untracked 
| 181|0x000000070c100000, 0x000000070c100000, 0x000000070c200000|  0%| F|  |TAMS 0x000000070c100000, 0x000000070c100000| Untracked 
| 182|0x000000070c200000, 0x000000070c200000, 0x000000070c300000|  0%| F|  |TAMS 0x000000070c200000, 0x000000070c200000| Untracked 
| 183|0x000000070c300000, 0x000000070c300000, 0x000000070c400000|  0%| F|  |TAMS 0x000000070c300000, 0x000000070c300000| Untracked 
| 184|0x000000070c400000, 0x000000070c400000, 0x000000070c500000|  0%| F|  |TAMS 0x000000070c400000, 0x000000070c400000| Untracked 
| 185|0x000000070c500000, 0x000000070c500000, 0x000000070c600000|  0%| F|  |TAMS 0x000000070c500000, 0x000000070c500000| Untracked 
| 186|0x000000070c600000, 0x000000070c600000, 0x000000070c700000|  0%| F|  |TAMS 0x000000070c600000, 0x000000070c600000| Untracked 
| 187|0x000000070c700000, 0x000000070c700000, 0x000000070c800000|  0%| F|  |TAMS 0x000000070c700000, 0x000000070c700000| Untracked 
| 188|0x000000070c800000, 0x000000070c800000, 0x000000070c900000|  0%| F|  |TAMS 0x000000070c800000, 0x000000070c800000| Untracked 
| 189|0x000000070c900000, 0x000000070c900000, 0x000000070ca00000|  0%| F|  |TAMS 0x000000070c900000, 0x000000070c900000| Untracked 
| 190|0x000000070ca00000, 0x000000070ca00000, 0x000000070cb00000|  0%| F|  |TAMS 0x000000070ca00000, 0x000000070ca00000| Untracked 
| 191|0x000000070cb00000, 0x000000070cb00000, 0x000000070cc00000|  0%| F|  |TAMS 0x000000070cb00000, 0x000000070cb00000| Untracked 
| 192|0x000000070cc00000, 0x000000070cc00000, 0x000000070cd00000|  0%| F|  |TAMS 0x000000070cc00000, 0x000000070cc00000| Untracked 
| 193|0x000000070cd00000, 0x000000070cd00000, 0x000000070ce00000|  0%| F|  |TAMS 0x000000070cd00000, 0x000000070cd00000| Untracked 
| 194|0x000000070ce00000, 0x000000070ce00000, 0x000000070cf00000|  0%| F|  |TAMS 0x000000070ce00000, 0x000000070ce00000| Untracked 
| 195|0x000000070cf00000, 0x000000070cf00000, 0x000000070d000000|  0%| F|  |TAMS 0x000000070cf00000, 0x000000070cf00000| Untracked 
| 196|0x000000070d000000, 0x000000070d000000, 0x000000070d100000|  0%| F|  |TAMS 0x000000070d000000, 0x000000070d000000| Untracked 
| 197|0x000000070d100000, 0x000000070d100000, 0x000000070d200000|  0%| F|  |TAMS 0x000000070d100000, 0x000000070d100000| Untracked 
| 198|0x000000070d200000, 0x000000070d200000, 0x000000070d300000|  0%| F|  |TAMS 0x000000070d200000, 0x000000070d200000| Untracked 
| 199|0x000000070d300000, 0x000000070d300000, 0x000000070d400000|  0%| F|  |TAMS 0x000000070d300000, 0x000000070d300000| Untracked 
| 200|0x000000070d400000, 0x000000070d400000, 0x000000070d500000|  0%| F|  |TAMS 0x000000070d400000, 0x000000070d400000| Untracked 
| 201|0x000000070d500000, 0x000000070d500000, 0x000000070d600000|  0%| F|  |TAMS 0x000000070d500000, 0x000000070d500000| Untracked 
| 202|0x000000070d600000, 0x000000070d600000, 0x000000070d700000|  0%| F|  |TAMS 0x000000070d600000, 0x000000070d600000| Untracked 
| 203|0x000000070d700000, 0x000000070d700000, 0x000000070d800000|  0%| F|  |TAMS 0x000000070d700000, 0x000000070d700000| Untracked 
| 204|0x000000070d800000, 0x000000070d800000, 0x000000070d900000|  0%| F|  |TAMS 0x000000070d800000, 0x000000070d800000| Untracked 
| 205|0x000000070d900000, 0x000000070d900000, 0x000000070da00000|  0%| F|  |TAMS 0x000000070d900000, 0x000000070d900000| Untracked 
| 206|0x000000070da00000, 0x000000070da00000, 0x000000070db00000|  0%| F|  |TAMS 0x000000070da00000, 0x000000070da00000| Untracked 
| 207|0x000000070db00000, 0x000000070db00000, 0x000000070dc00000|  0%| F|  |TAMS 0x000000070db00000, 0x000000070db00000| Untracked 
| 208|0x000000070dc00000, 0x000000070dc00000, 0x000000070dd00000|  0%| F|  |TAMS 0x000000070dc00000, 0x000000070dc00000| Untracked 
| 209|0x000000070dd00000, 0x000000070dd00000, 0x000000070de00000|  0%| F|  |TAMS 0x000000070dd00000, 0x000000070dd00000| Untracked 
| 210|0x000000070de00000, 0x000000070de00000, 0x000000070df00000|  0%| F|  |TAMS 0x000000070de00000, 0x000000070de00000| Untracked 
| 211|0x000000070df00000, 0x000000070df00000, 0x000000070e000000|  0%| F|  |TAMS 0x000000070df00000, 0x000000070df00000| Untracked 
| 212|0x000000070e000000, 0x000000070e000000, 0x000000070e100000|  0%| F|  |TAMS 0x000000070e000000, 0x000000070e000000| Untracked 
| 213|0x000000070e100000, 0x000000070e100000, 0x000000070e200000|  0%| F|  |TAMS 0x000000070e100000, 0x000000070e100000| Untracked 
| 214|0x000000070e200000, 0x000000070e200000, 0x000000070e300000|  0%| F|  |TAMS 0x000000070e200000, 0x000000070e200000| Untracked 
| 215|0x000000070e300000, 0x000000070e300000, 0x000000070e400000|  0%| F|  |TAMS 0x000000070e300000, 0x000000070e300000| Untracked 
| 216|0x000000070e400000, 0x000000070e400000, 0x000000070e500000|  0%| F|  |TAMS 0x000000070e400000, 0x000000070e400000| Untracked 
| 217|0x000000070e500000, 0x000000070e500000, 0x000000070e600000|  0%| F|  |TAMS 0x000000070e500000, 0x000000070e500000| Untracked 
| 218|0x000000070e600000, 0x000000070e600000, 0x000000070e700000|  0%| F|  |TAMS 0x000000070e600000, 0x000000070e600000| Untracked 
| 219|0x000000070e700000, 0x000000070e700000, 0x000000070e800000|  0%| F|  |TAMS 0x000000070e700000, 0x000000070e700000| Untracked 
| 220|0x000000070e800000, 0x000000070e800000, 0x000000070e900000|  0%| F|  |TAMS 0x000000070e800000, 0x000000070e800000| Untracked 
| 221|0x000000070e900000, 0x000000070e900000, 0x000000070ea00000|  0%| F|  |TAMS 0x000000070e900000, 0x000000070e900000| Untracked 
| 222|0x000000070ea00000, 0x000000070ea00000, 0x000000070eb00000|  0%| F|  |TAMS 0x000000070ea00000, 0x000000070ea00000| Untracked 
| 223|0x000000070eb00000, 0x000000070eb00000, 0x000000070ec00000|  0%| F|  |TAMS 0x000000070eb00000, 0x000000070eb00000| Untracked 
| 224|0x000000070ec00000, 0x000000070ec00000, 0x000000070ed00000|  0%| F|  |TAMS 0x000000070ec00000, 0x000000070ec00000| Untracked 
| 225|0x000000070ed00000, 0x000000070ed00000, 0x000000070ee00000|  0%| F|  |TAMS 0x000000070ed00000, 0x000000070ed00000| Untracked 
| 226|0x000000070ee00000, 0x000000070ee00000, 0x000000070ef00000|  0%| F|  |TAMS 0x000000070ee00000, 0x000000070ee00000| Untracked 
| 227|0x000000070ef00000, 0x000000070ef00000, 0x000000070f000000|  0%| F|  |TAMS 0x000000070ef00000, 0x000000070ef00000| Untracked 
| 228|0x000000070f000000, 0x000000070f000000, 0x000000070f100000|  0%| F|  |TAMS 0x000000070f000000, 0x000000070f000000| Untracked 
| 229|0x000000070f100000, 0x000000070f100000, 0x000000070f200000|  0%| F|  |TAMS 0x000000070f100000, 0x000000070f100000| Untracked 
| 230|0x000000070f200000, 0x000000070f200000, 0x000000070f300000|  0%| F|  |TAMS 0x000000070f200000, 0x000000070f200000| Untracked 
| 231|0x000000070f300000, 0x000000070f300000, 0x000000070f400000|  0%| F|  |TAMS 0x000000070f300000, 0x000000070f300000| Untracked 
| 232|0x000000070f400000, 0x000000070f400000, 0x000000070f500000|  0%| F|  |TAMS 0x000000070f400000, 0x000000070f400000| Untracked 
| 233|0x000000070f500000, 0x000000070f500000, 0x000000070f600000|  0%| F|  |TAMS 0x000000070f500000, 0x000000070f500000| Untracked 
| 234|0x000000070f600000, 0x000000070f600000, 0x000000070f700000|  0%| F|  |TAMS 0x000000070f600000, 0x000000070f600000| Untracked 
| 235|0x000000070f700000, 0x000000070f700000, 0x000000070f800000|  0%| F|  |TAMS 0x000000070f700000, 0x000000070f700000| Untracked 
| 236|0x000000070f800000, 0x000000070f800000, 0x000000070f900000|  0%| F|  |TAMS 0x000000070f800000, 0x000000070f800000| Untracked 
| 237|0x000000070f900000, 0x000000070f900000, 0x000000070fa00000|  0%| F|  |TAMS 0x000000070f900000, 0x000000070f900000| Untracked 
| 238|0x000000070fa00000, 0x000000070fa00000, 0x000000070fb00000|  0%| F|  |TAMS 0x000000070fa00000, 0x000000070fa00000| Untracked 
| 239|0x000000070fb00000, 0x000000070fb00000, 0x000000070fc00000|  0%| F|  |TAMS 0x000000070fb00000, 0x000000070fb00000| Untracked 
| 240|0x000000070fc00000, 0x000000070fc00000, 0x000000070fd00000|  0%| F|  |TAMS 0x000000070fc00000, 0x000000070fc00000| Untracked 
| 241|0x000000070fd00000, 0x000000070fd00000, 0x000000070fe00000|  0%| F|  |TAMS 0x000000070fd00000, 0x000000070fd00000| Untracked 
| 242|0x000000070fe00000, 0x000000070fe00000, 0x000000070ff00000|  0%| F|  |TAMS 0x000000070fe00000, 0x000000070fe00000| Untracked 
| 243|0x000000070ff00000, 0x000000070ff00000, 0x0000000710000000|  0%| F|  |TAMS 0x000000070ff00000, 0x000000070ff00000| Untracked 
| 244|0x0000000710000000, 0x0000000710000000, 0x0000000710100000|  0%| F|  |TAMS 0x0000000710000000, 0x0000000710000000| Untracked 
| 245|0x0000000710100000, 0x0000000710100000, 0x0000000710200000|  0%| F|  |TAMS 0x0000000710100000, 0x0000000710100000| Untracked 
| 246|0x0000000710200000, 0x0000000710200000, 0x0000000710300000|  0%| F|  |TAMS 0x0000000710200000, 0x0000000710200000| Untracked 
| 247|0x0000000710300000, 0x0000000710300000, 0x0000000710400000|  0%| F|  |TAMS 0x0000000710300000, 0x0000000710300000| Untracked 
| 248|0x0000000710400000, 0x0000000710400000, 0x0000000710500000|  0%| F|  |TAMS 0x0000000710400000, 0x0000000710400000| Untracked 
| 249|0x0000000710500000, 0x0000000710500000, 0x0000000710600000|  0%| F|  |TAMS 0x0000000710500000, 0x0000000710500000| Untracked 
| 250|0x0000000710600000, 0x0000000710600000, 0x0000000710700000|  0%| F|  |TAMS 0x0000000710600000, 0x0000000710600000| Untracked 
| 251|0x0000000710700000, 0x0000000710700000, 0x0000000710800000|  0%| F|  |TAMS 0x0000000710700000, 0x0000000710700000| Untracked 
| 252|0x0000000710800000, 0x0000000710800000, 0x0000000710900000|  0%| F|  |TAMS 0x0000000710800000, 0x0000000710800000| Untracked 
| 253|0x0000000710900000, 0x0000000710a00000, 0x0000000710a00000|100%| E|  |TAMS 0x0000000710900000, 0x0000000710900000| Complete 
| 254|0x0000000710a00000, 0x0000000710b00000, 0x0000000710b00000|100%| E|CS|TAMS 0x0000000710a00000, 0x0000000710a00000| Complete 
| 255|0x0000000710b00000, 0x0000000710c00000, 0x0000000710c00000|100%| E|CS|TAMS 0x0000000710b00000, 0x0000000710b00000| Complete 

Card table byte_map: [0x0000023950b80000,0x0000023951380000] _byte_map_base: 0x000002394d37a000

Marking Bits (Prev, Next): (CMBitMap*) 0x000002393b2d2cb8, (CMBitMap*) 0x000002393b2d2cf0
 Prev Bits: [0x0000023951b80000, 0x0000023955b50000)
 Next Bits: [0x0000023955b50000, 0x0000023959b20000)

Polling page: 0x000002393b330000

Metaspace:

Usage:
  Non-class:      5.74 MB capacity,     5.69 MB (>99%) used,    42.98 KB ( <1%) free+waste,     3.56 KB ( <1%) overhead. 
      Class:    570.00 KB capacity,   561.66 KB ( 99%) used,     6.71 KB (  1%) free+waste,     1.63 KB ( <1%) overhead. 
       Both:      6.30 MB capacity,     6.24 MB (>99%) used,    49.69 KB ( <1%) free+waste,     5.19 KB ( <1%) overhead. 

Virtual space:
  Non-class space:        8.00 MB reserved,       5.75 MB ( 72%) committed 
      Class space:        1.00 GB reserved,     640.00 KB ( <1%) committed 
             Both:        1.01 GB reserved,       6.38 MB ( <1%) committed 

Chunk freelists:
   Non-Class:  11.00 KB
       Class:  6.00 KB
        Both:  17.00 KB

MaxMetaspaceSize: 17179869184.00 GB
CompressedClassSpaceSize: 1.00 GB

CodeHeap 'non-profiled nmethods': size=120064Kb used=60Kb max_used=60Kb free=120003Kb
 bounds [0x00000239485f0000, 0x0000023948860000, 0x000002394fb30000]
CodeHeap 'profiled nmethods': size=120000Kb used=240Kb max_used=240Kb free=119759Kb
 bounds [0x00000239410c0000, 0x0000023941330000, 0x00000239485f0000]
CodeHeap 'non-nmethods': size=5696Kb used=1060Kb max_used=1069Kb free=4635Kb
 bounds [0x0000023940b30000, 0x0000023940da0000, 0x00000239410c0000]
 total_blobs=864 nmethods=193 adapters=252
 compilation: enabled
              stopped_count=0, restarted_count=0
 full_count=0

Compilation events (20 events):
Event: 0.140 Thread 0x000002395cda6800  183       3       java.util.zip.ZipUtils::SH (21 bytes)
Event: 0.140 Thread 0x000002395cda6800 nmethod 183 0x00000239410f9010 code [0x00000239410f91c0, 0x00000239410f9358]
Event: 0.140 Thread 0x000002395cda6800  184       3       java.lang.Character::toLowerCase (9 bytes)
Event: 0.140 Thread 0x000002395cda6800 nmethod 184 0x00000239410f9490 code [0x00000239410f9660, 0x00000239410f98a0]
Event: 0.140 Thread 0x000002395cda6800  185       3       java.lang.CharacterDataLatin1::toLowerCase (39 bytes)
Event: 0.140 Thread 0x000002395cda6800 nmethod 185 0x00000239410f9990 code [0x00000239410f9b60, 0x00000239410f9df8]
Event: 0.143 Thread 0x000002395cd9f800  186       4       java.lang.String::charAt (25 bytes)
Event: 0.143 Thread 0x000002395cd9f800 nmethod 186 0x00000239485fea10 code [0x00000239485feba0, 0x00000239485fec78]
Event: 0.145 Thread 0x000002395cda6800  187       3       java.lang.StringBuilder::append (8 bytes)
Event: 0.145 Thread 0x000002395cda6800 nmethod 187 0x00000239410f9f10 code [0x00000239410fa0c0, 0x00000239410fa270]
Event: 0.145 Thread 0x000002395cda6800  188       3       java.lang.AbstractStringBuilder::append (45 bytes)
Event: 0.145 Thread 0x000002395cda6800 nmethod 188 0x00000239410fa310 code [0x00000239410fa540, 0x00000239410faac0]
Event: 0.145 Thread 0x000002395cda6800  189       3       java.lang.StringLatin1::lastIndexOf (40 bytes)
Event: 0.146 Thread 0x000002395cda6800 nmethod 189 0x00000239410fad10 code [0x00000239410faee0, 0x00000239410fb2f8]
Event: 0.146 Thread 0x000002395cda6800  190       3       java.util.concurrent.ConcurrentHashMap::casTabAt (21 bytes)
Event: 0.146 Thread 0x000002395cda6800 nmethod 190 0x00000239410fb490 code [0x00000239410fb640, 0x00000239410fb818]
Event: 0.146 Thread 0x000002395cda6800  191       3       java.lang.System::getSecurityManager (4 bytes)
Event: 0.146 Thread 0x000002395cda6800 nmethod 191 0x00000239410fb890 code [0x00000239410fba40, 0x00000239410fbb98]
Event: 0.149 Thread 0x000002395cda6800  192       3       java.util.Arrays::copyOf (19 bytes)
Event: 0.149 Thread 0x000002395cda6800 nmethod 192 0x00000239410fbc10 code [0x00000239410fbde0, 0x00000239410fc130]

GC Heap History (0 events):
No events

Deoptimization events (12 events):
Event: 0.119 Thread 0x000002393b26a000 Uncommon trap: trap_request=0xffffff4d fr.pc=0x00000239485f5678 relative=0x0000000000000058
Event: 0.119 Thread 0x000002393b26a000 Uncommon trap: reason=unstable_if action=reinterpret pc=0x00000239485f5678 method=java.lang.String.isLatin1()Z @ 10 c2
Event: 0.119 Thread 0x000002393b26a000 DEOPT PACKING pc=0x00000239485f5678 sp=0x000000705e2fe250
Event: 0.119 Thread 0x000002393b26a000 DEOPT UNPACKING pc=0x0000023940b591af sp=0x000000705e2fe1e0 mode 2
Event: 0.143 Thread 0x000002393b26a000 Uncommon trap: trap_request=0xffffffde fr.pc=0x00000239485fcfa0 relative=0x0000000000000b20
Event: 0.143 Thread 0x000002393b26a000 Uncommon trap: reason=class_check action=maybe_recompile pc=0x00000239485fcfa0 method=java.util.HashMap.putVal(ILjava/lang/Object;Ljava/lang/Object;ZZ)Ljava/lang/Object; @ 152 c2
Event: 0.143 Thread 0x000002393b26a000 DEOPT PACKING pc=0x00000239485fcfa0 sp=0x000000705e2fe660
Event: 0.143 Thread 0x000002393b26a000 DEOPT UNPACKING pc=0x0000023940b591af sp=0x000000705e2fe5e0 mode 2
Event: 0.149 Thread 0x000002393b26a000 Uncommon trap: trap_request=0xffffffde fr.pc=0x00000239485fcfa0 relative=0x0000000000000b20
Event: 0.149 Thread 0x000002393b26a000 Uncommon trap: reason=class_check action=maybe_recompile pc=0x00000239485fcfa0 method=java.util.HashMap.putVal(ILjava/lang/Object;Ljava/lang/Object;ZZ)Ljava/lang/Object; @ 152 c2
Event: 0.149 Thread 0x000002393b26a000 DEOPT PACKING pc=0x00000239485fcfa0 sp=0x000000705e2fd510
Event: 0.149 Thread 0x000002393b26a000 DEOPT UNPACKING pc=0x0000023940b591af sp=0x000000705e2fd490 mode 2

Classes redefined (0 events):
No events

Internal exceptions (1 events):
Event: 0.151 Thread 0x000002393b26a000 Exception <a 'java/lang/NoSuchMethodError'{0x000000071097bdc8}: <init>> (0x000000071097bdc8) thrown at [./src/hotspot/share/prims/jni.cpp, line 1362]

Events (20 events):
Event: 0.150 loading class java/net/InetAddressImplFactory
Event: 0.150 loading class java/net/InetAddressImplFactory done
Event: 0.150 loading class java/net/Inet6AddressImpl
Event: 0.151 loading class java/net/InetAddressImpl
Event: 0.151 loading class java/net/InetAddressImpl done
Event: 0.151 loading class java/net/Inet6AddressImpl done
Event: 0.151 loading class java/net/InetAddress$PlatformNameService
Event: 0.151 loading class java/net/InetAddress$NameService
Event: 0.151 loading class java/net/InetAddress$NameService done
Event: 0.151 loading class java/net/InetAddress$PlatformNameService done
Event: 0.151 Loaded shared library E:\VSProjects\08jni\x64\Debug\08jni.dll
Event: 0.151 loading class java/net/Inet4Address
Event: 0.151 loading class java/net/Inet4Address done
Event: 0.151 loading class java/net/InetSocketAddress$InetSocketAddressHolder
Event: 0.151 loading class java/lang/NoSuchMethodError
Event: 0.151 loading class java/net/InetSocketAddress$InetSocketAddressHolder done
Event: 0.151 loading class java/lang/IncompatibleClassChangeError
Event: 0.151 loading class java/net/SocksSocketImpl
Event: 0.151 loading class java/lang/IncompatibleClassChangeError done
Event: 0.151 loading class java/lang/NoSuchMethodError done


Dynamic libraries:
0x00007ff661670000 - 0x00007ff66167a000 	D:\Program Files\JetBrains\IntelliJ IDEA 2019.3.4\jbr\bin\java.exe
0x00007ff80bce0000 - 0x00007ff80bed0000 	C:\Windows\SYSTEM32\ntdll.dll
0x00007ff80b730000 - 0x00007ff80b7e2000 	C:\Windows\System32\KERNEL32.DLL
0x00007ff808c70000 - 0x00007ff808f14000 	C:\Windows\System32\KERNELBASE.dll
0x00007ff806aa0000 - 0x00007ff806b2f000 	C:\Windows\SYSTEM32\apphelp.dll
0x00007ff809c90000 - 0x00007ff809d8a000 	C:\Windows\System32\ucrtbase.dll
0x00007ffff7d20000 - 0x00007ffff7d37000 	D:\Program Files\JetBrains\IntelliJ IDEA 2019.3.4\jbr\bin\VCRUNTIME140.dll
0x00007ffffda80000 - 0x00007ffffda99000 	D:\Program Files\JetBrains\IntelliJ IDEA 2019.3.4\jbr\bin\jli.dll
0x00007ff80aa60000 - 0x00007ff80abf4000 	C:\Windows\System32\USER32.dll
0x00007ff8099e0000 - 0x00007ff809a01000 	C:\Windows\System32\win32u.dll
0x00007ff80ac90000 - 0x00007ff80acb6000 	C:\Windows\System32\GDI32.dll
0x00007ff809840000 - 0x00007ff8099d5000 	C:\Windows\System32\gdi32full.dll
0x00007ff8097a0000 - 0x00007ff80983e000 	C:\Windows\System32\msvcp_win.dll
0x00007ff8002b0000 - 0x00007ff800534000 	C:\Windows\WinSxS\amd64_microsoft.windows.common-controls_6595b64144ccf1df_6.0.18362.900_none_e6beb9d913147d17\COMCTL32.dll
0x00007ff80a9c0000 - 0x00007ff80aa5e000 	C:\Windows\System32\msvcrt.dll
0x00007ff80b7f0000 - 0x00007ff80bb25000 	C:\Windows\System32\combase.dll
0x00007ff80a8a0000 - 0x00007ff80a9c0000 	C:\Windows\System32\RPCRT4.dll
0x00007ff808f70000 - 0x00007ff808ff0000 	C:\Windows\System32\bcryptPrimitives.dll
0x00007ff809d90000 - 0x00007ff809dbe000 	C:\Windows\System32\IMM32.DLL
0x00007fffdfb10000 - 0x00007fffdfbad000 	D:\Program Files\JetBrains\IntelliJ IDEA 2019.3.4\jbr\bin\msvcp140.dll
0x00007fffdfd60000 - 0x00007fffe081b000 	D:\Program Files\JetBrains\IntelliJ IDEA 2019.3.4\jbr\bin\server\jvm.dll
0x00007ff80acc0000 - 0x00007ff80ad63000 	C:\Windows\System32\ADVAPI32.dll
0x00007ff80bc00000 - 0x00007ff80bc97000 	C:\Windows\System32\sechost.dll
0x00007ff80ac00000 - 0x00007ff80ac08000 	C:\Windows\System32\PSAPI.DLL
0x00007ff8076b0000 - 0x00007ff8076ba000 	C:\Windows\SYSTEM32\VERSION.dll
0x00007ffffad80000 - 0x00007ffffad89000 	C:\Windows\SYSTEM32\WSOCK32.dll
0x00007ff806950000 - 0x00007ff806974000 	C:\Windows\SYSTEM32\WINMM.dll
0x00007ff80bb30000 - 0x00007ff80bb9f000 	C:\Windows\System32\WS2_32.dll
0x00007ff8068d0000 - 0x00007ff8068fd000 	C:\Windows\SYSTEM32\winmmbase.dll
0x00007ff808f20000 - 0x00007ff808f6a000 	C:\Windows\System32\cfgmgr32.dll
0x00007ff808bd0000 - 0x00007ff808be1000 	C:\Windows\System32\kernel.appcore.dll
0x00007ff803ed0000 - 0x00007ff803ee1000 	D:\Program Files\JetBrains\IntelliJ IDEA 2019.3.4\jbr\bin\verify.dll
0x00007ffff4db0000 - 0x00007ffff4fa4000 	C:\Windows\SYSTEM32\DBGHELP.DLL
0x00007ffff4d80000 - 0x00007ffff4daa000 	C:\Windows\SYSTEM32\dbgcore.DLL
0x00007ff803290000 - 0x00007ff8032b9000 	D:\Program Files\JetBrains\IntelliJ IDEA 2019.3.4\jbr\bin\java.dll
0x00007ffffab20000 - 0x00007ffffab2f000 	D:\Program Files\JetBrains\IntelliJ IDEA 2019.3.4\jbr\bin\instrument.dll
0x00007ff803300000 - 0x00007ff803318000 	D:\Program Files\JetBrains\IntelliJ IDEA 2019.3.4\jbr\bin\zip.dll
0x00007ff8052a0000 - 0x00007ff8052ab000 	D:\Program Files\JetBrains\IntelliJ IDEA 2019.3.4\jbr\bin\jimage.dll
0x00007ff80a100000 - 0x00007ff80a7e6000 	C:\Windows\System32\SHELL32.dll
0x00007ff80a7f0000 - 0x00007ff80a899000 	C:\Windows\System32\shcore.dll
0x00007ff808ff0000 - 0x00007ff809770000 	C:\Windows\System32\windows.storage.dll
0x00007ff808bf0000 - 0x00007ff808c13000 	C:\Windows\System32\profapi.dll
0x00007ff808c20000 - 0x00007ff808c6a000 	C:\Windows\System32\powrprof.dll
0x00007ff808ba0000 - 0x00007ff808bb0000 	C:\Windows\System32\UMPDC.dll
0x00007ff80bba0000 - 0x00007ff80bbf2000 	C:\Windows\System32\shlwapi.dll
0x00007ff809a10000 - 0x00007ff809a27000 	C:\Windows\System32\cryptsp.dll
0x00007ff800bb0000 - 0x00007ff800bca000 	D:\Program Files\JetBrains\IntelliJ IDEA 2019.3.4\jbr\bin\net.dll
0x00007ffff9e20000 - 0x00007ffff9f10000 	C:\Windows\SYSTEM32\WINHTTP.dll
0x00007ff808410000 - 0x00007ff808477000 	C:\Windows\system32\mswsock.dll
0x00007ff800af0000 - 0x00007ff800b04000 	D:\Program Files\JetBrains\IntelliJ IDEA 2019.3.4\jbr\bin\nio.dll
0x00007ffff3530000 - 0x00007ffff354a000 	D:\Program Files\JetBrains\IntelliJ IDEA 2019.3.4\bin\breakgen64.dll
0x00007ffffa6a0000 - 0x00007ffffa6ae000 	E:\VSProjects\08jni\x64\Debug\08jni.dll
0x00007fffbe0a0000 - 0x00007fffbe2b1000 	C:\Windows\SYSTEM32\MSVCR120D.dll

dbghelp: loaded successfully - version: 4.0.5 - missing functions: none
symbol engine: initialized successfully - sym options: 0x614 - pdb path: .;D:\Program Files\JetBrains\IntelliJ IDEA 2019.3.4\jbr\bin;C:\Windows\SYSTEM32;C:\Windows\WinSxS\amd64_microsoft.windows.common-controls_6595b64144ccf1df_6.0.18362.900_none_e6beb9d913147d17;D:\Program Files\JetBrains\IntelliJ IDEA 2019.3.4\jbr\bin\server;D:\Program Files\JetBrains\IntelliJ IDEA 2019.3.4\bin;E:\VSProjects\08jni\x64\Debug

VM Arguments:
jvm_args: -javaagent:D:\Program Files\JetBrains\IntelliJ IDEA 2019.3.4\lib\idea_rt.jar=11310:D:\Program Files\JetBrains\IntelliJ IDEA 2019.3.4\bin -Dfile.encoding=UTF-8 
java_command: com.east.jni08.Sample1
java_class_path (initial): E:\CLionProjects\JavaJNITest\out\production\JavaJNITest
Launcher Type: SUN_STANDARD

[Global flags]
     intx CICompilerCount                          = 3                                         {product} {ergonomic}
     uint ConcGCThreads                            = 2                                         {product} {ergonomic}
     uint G1ConcRefinementThreads                  = 6                                         {product} {ergonomic}
   size_t G1HeapRegionSize                         = 1048576                                   {product} {ergonomic}
    uintx GCDrainStackTargetSize                   = 64                                        {product} {ergonomic}
   size_t InitialHeapSize                          = 268435456                                 {product} {ergonomic}
   size_t MarkStackSize                            = 4194304                                   {product} {ergonomic}
   size_t MaxHeapSize                              = 4282384384                                {product} {ergonomic}
   size_t MaxNewSize                               = 2569011200                                {product} {ergonomic}
   size_t MinHeapDeltaBytes                        = 1048576                                   {product} {ergonomic}
    uintx NonNMethodCodeHeapSize                   = 5830732                                {pd product} {ergonomic}
    uintx NonProfiledCodeHeapSize                  = 122913754                              {pd product} {ergonomic}
    uintx ProfiledCodeHeapSize                     = 122913754                              {pd product} {ergonomic}
    uintx ReservedCodeCacheSize                    = 251658240                              {pd product} {ergonomic}
     bool SegmentedCodeCache                       = true                                      {product} {ergonomic}
     bool UseCompressedClassPointers               = true                                 {lp64_product} {ergonomic}
     bool UseCompressedOops                        = true                                 {lp64_product} {ergonomic}
     bool UseG1GC                                  = true                                      {product} {ergonomic}
     bool UseLargePagesIndividualAllocation        = false                                  {pd product} {ergonomic}

Logging:
Log output configuration:
 #0: stdout all=warning uptime,level,tags
 #1: stderr all=off uptime,level,tags

Environment Variables:
JAVA_HOME=D:\Program Files\Java\jdk1.8.0_251
CLASSPATH=.;D:\Program Files\Java\jdk1.8.0_251\lib;D:\Program Files\Java\jdk1.8.0_251\lib\tool.jar
PATH=D:\Program Files (x86)\NetSarang\Xshell 6\;D:\Program Files (x86)\NetSarang\Xftp 6\;C:\Program Files (x86)\Common Files\Oracle\Java\javapath;C:\Windows\system32;C:\Windows;C:\Windows\System32\Wbem;C:\Windows\System32\WindowsPowerShell\v1.0\;C:\Windows\System32\OpenSSH\;D:\Program Files\Java\jdk1.8.0_251\bin;.;D:\Program Files\Java\jdk1.8.0_251\lib;D:\Program Files\Java\jdk1.8.0_251\lib\tool.jar;D:\AndroidSdk\platform-tools;;D:\Program Files\nodejs\;D:\Program Files\Git\cmd;C:\Program Files (x86)\Windows Kits\8.1\Windows Performance Toolkit\;C:\Program Files\Microsoft SQL Server\110\Tools\Binn\;C:\Users\123\AppData\Local\Microsoft\WindowsApps;D:\Program Files\JetBrains\IntelliJ IDEA 2019.3.4\bin;C:\Users\123\AppData\Roaming\npm;D:\Users\123\AppData\Local\Programs\Fiddler;D:\Users\123\AppData\Local\Markdown Monster
USERNAME=123
OS=Windows_NT
PROCESSOR_IDENTIFIER=Intel64 Family 6 Model 158 Stepping 10, GenuineIntel



---------------  S Y S T E M  ---------------

OS: Windows 10 , 64 bit Build 18362 (10.0.18362.900)
OS uptime: 1 days 21:57 hours

CPU:total 6 (initial active 6) (6 cores per cpu, 1 threads per core) family 6 model 158 stepping 10, cmov, cx8, fxsr, mmx, sse, sse2, sse3, ssse3, sse4.1, sse4.2, popcnt, avx, avx2, aes, clmul, erms, 3dnowpref, lzcnt, tsc, tscinvbit, bmi1, bmi2, adx, fma

Memory: 4k page, system-wide physical 16328M (7416M free)
TotalPageFile size 21448M (AvailPageFile size 7059M)
current process WorkingSet (physical memory assigned to process): 46M, peak: 46M
current process commit charge ("private bytes"): 337M, peak: 337M

vm_info: OpenJDK 64-Bit Server VM (11.0.7+10-b765.53) for windows-amd64 JRE (11.0.7+10-b765.53), built on May 12 2020 04:38:25 by "" with MS VC++ 14.0 (VS2015)

END.
